<?xml version="1.0" encoding="UTF-8"?>
<testsuite xmlns:xsi="http://www.w3.org/2001/XMLSchema-instance" xsi:noNamespaceSchemaLocation="https://maven.apache.org/surefire/maven-surefire-plugin/xsd/surefire-test-report.xsd" name="cotacao.dolar.consumidor.CotacaoDolarTest" time="5.546" tests="1" errors="1" skipped="0" failures="0">
  <properties>
[...]
</properties>
  <testcase name="teste" classname="cotacao.dolar.consumidor.CotacaoDolarTest" time="5.54">
    <error message="Connection refused: connect" type="java.net.ConnectException">java.net.ConnectException: Connection refused: connect
	at cotacao.dolar.consumidor.CotacaoDolarTest.teste(CotacaoDolarTest.java:13)
</error>
  </testcase>
</testsuite>